2025-09-09T19:28:44.943+05:30  INFO 60323 --- [taskmanager] [main] c.k.taskmanager.TaskmanagerApplication   : Starting TaskmanagerApplication using Java 21.0.7 with PID 60323 (/Users/kiran.sekhar/Desktop/Java projects/taskmanager/target/classes started by kiran.sekhar in /Users/kiran.sekhar/Desktop/Java projects)
2025-09-09T19:28:44.944+05:30 DEBUG 60323 --- [taskmanager] [main] c.k.taskmanager.TaskmanagerApplication   : Running with Spring Boot v3.5.5, Spring v6.2.10
2025-09-09T19:28:44.945+05:30  INFO 60323 --- [taskmanager] [main] c.k.taskmanager.TaskmanagerApplication   : No active profile set, falling back to 1 default profile: "default"
2025-09-09T19:28:45.270+05:30  INFO 60323 --- [taskmanager] [main] .s.d.r.c.RepositoryConfigurationDelegate : Bootstrapping Spring Data JPA repositories in DEFAULT mode.
2025-09-09T19:28:45.305+05:30  INFO 60323 --- [taskmanager] [main] .s.d.r.c.RepositoryConfigurationDelegate : Finished Spring Data repository scanning in 31 ms. Found 3 JPA repository interfaces.
2025-09-09T19:28:45.556+05:30  INFO 60323 --- [taskmanager] [main] o.s.b.w.embedded.tomcat.TomcatWebServer  : Tomcat initialized with port 8080 (http)
2025-09-09T19:28:45.563+05:30  INFO 60323 --- [taskmanager] [main] o.apache.catalina.core.StandardService   : Starting service [Tomcat]
2025-09-09T19:28:45.563+05:30  INFO 60323 --- [taskmanager] [main] o.apache.catalina.core.StandardEngine    : Starting Servlet engine: [Apache Tomcat/10.1.44]
2025-09-09T19:28:45.590+05:30  INFO 60323 --- [taskmanager] [main] o.a.c.c.C.[Tomcat].[localhost].[/]       : Initializing Spring embedded WebApplicationContext
2025-09-09T19:28:45.590+05:30  INFO 60323 --- [taskmanager] [main] w.s.c.ServletWebServerApplicationContext : Root WebApplicationContext: initialization completed in 622 ms
2025-09-09T19:28:45.686+05:30  INFO 60323 --- [taskmanager] [main] o.hibernate.jpa.internal.util.LogHelper  : HHH000204: Processing PersistenceUnitInfo [name: default]
2025-09-09T19:28:45.707+05:30  INFO 60323 --- [taskmanager] [main] org.hibernate.Version                    : HHH000412: Hibernate ORM core version 6.6.26.Final
2025-09-09T19:28:45.721+05:30  INFO 60323 --- [taskmanager] [main] o.h.c.internal.RegionFactoryInitiator    : HHH000026: Second-level cache disabled
2025-09-09T19:28:45.846+05:30  INFO 60323 --- [taskmanager] [main] o.s.o.j.p.SpringPersistenceUnitInfo      : No LoadTimeWeaver setup: ignoring JPA class transformer
2025-09-09T19:28:45.859+05:30  INFO 60323 --- [taskmanager] [main] com.zaxxer.hikari.HikariDataSource       : HikariPool-1 - Starting...
2025-09-09T19:28:45.970+05:30  INFO 60323 --- [taskmanager] [main] com.zaxxer.hikari.pool.HikariPool        : HikariPool-1 - Added connection org.postgresql.jdbc.PgConnection@6dece1f9
2025-09-09T19:28:45.971+05:30  INFO 60323 --- [taskmanager] [main] com.zaxxer.hikari.HikariDataSource       : HikariPool-1 - Start completed.
2025-09-09T19:28:46.010+05:30  INFO 60323 --- [taskmanager] [main] org.hibernate.orm.connections.pooling    : HHH10001005: Database info:
	Database JDBC URL [Connecting through datasource 'HikariDataSource (HikariPool-1)']
	Database driver: undefined/unknown
	Database version: 17.6
	Autocommit mode: undefined/unknown
	Isolation level: undefined/unknown
	Minimum pool size: undefined/unknown
	Maximum pool size: undefined/unknown
2025-09-09T19:28:46.401+05:30  INFO 60323 --- [taskmanager] [main] o.h.e.t.j.p.i.JtaPlatformInitiator       : HHH000489: No JTA platform available (set 'hibernate.transaction.jta.platform' to enable JTA platform integration)
2025-09-09T19:28:46.536+05:30  INFO 60323 --- [taskmanager] [main] j.LocalContainerEntityManagerFactoryBean : Initialized JPA EntityManagerFactory for persistence unit 'default'
2025-09-09T19:28:46.654+05:30  WARN 60323 --- [taskmanager] [main] JpaBaseConfiguration$JpaWebConfiguration : spring.jpa.open-in-view is enabled by default. Therefore, database queries may be performed during view rendering. Explicitly configure spring.jpa.open-in-view to disable this warning
2025-09-09T19:28:46.746+05:30  WARN 60323 --- [taskmanager] [main] .s.s.UserDetailsServiceAutoConfiguration : 

Using generated security password: 0a21f6a7-3322-48b8-b96e-5ef23d590bc5

This generated password is for development use only. Your security configuration must be updated before running your application in production.

2025-09-09T19:28:46.750+05:30  INFO 60323 --- [taskmanager] [main] r$InitializeUserDetailsManagerConfigurer : Global AuthenticationManager configured with UserDetailsService bean with name inMemoryUserDetailsManager
2025-09-09T19:28:46.896+05:30  INFO 60323 --- [taskmanager] [main] o.s.b.w.embedded.tomcat.TomcatWebServer  : Tomcat started on port 8080 (http) with context path '/'
2025-09-09T19:28:46.902+05:30  INFO 60323 --- [taskmanager] [main] c.k.taskmanager.TaskmanagerApplication   : Started TaskmanagerApplication in 2.193 seconds (process running for 2.371)
2025-09-09T19:29:01.448+05:30  INFO 60323 --- [taskmanager] [http-nio-8080-exec-1] o.a.c.c.C.[Tomcat].[localhost].[/]       : Initializing Spring DispatcherServlet 'dispatcherServlet'
2025-09-09T19:29:01.448+05:30  INFO 60323 --- [taskmanager] [http-nio-8080-exec-1] o.s.web.servlet.DispatcherServlet        : Initializing Servlet 'dispatcherServlet'
2025-09-09T19:29:01.449+05:30  INFO 60323 --- [taskmanager] [http-nio-8080-exec-1] o.s.web.servlet.DispatcherServlet        : Completed initialization in 1 ms
2025-09-09T19:29:01.519+05:30  WARN 60323 --- [taskmanager] [http-nio-8080-exec-1] c.k.t.exception.GlobalExceptionHandler   : User not found: User not found with id: 1
2025-09-09T19:31:35.877+05:30  INFO 60323 --- [taskmanager] [SpringApplicationShutdownHook] o.s.b.w.e.tomcat.GracefulShutdown        : Commencing graceful shutdown. Waiting for active requests to complete
2025-09-09T19:31:35.885+05:30  INFO 60323 --- [taskmanager] [tomcat-shutdown] o.s.b.w.e.tomcat.GracefulShutdown        : Graceful shutdown complete
2025-09-09T19:31:35.890+05:30  INFO 60323 --- [taskmanager] [SpringApplicationShutdownHook] j.LocalContainerEntityManagerFactoryBean : Closing JPA EntityManagerFactory for persistence unit 'default'
2025-09-09T19:31:35.892+05:30  INFO 60323 --- [taskmanager] [SpringApplicationShutdownHook] com.zaxxer.hikari.HikariDataSource       : HikariPool-1 - Shutdown initiated...
2025-09-09T19:31:35.893+05:30  INFO 60323 --- [taskmanager] [SpringApplicationShutdownHook] com.zaxxer.hikari.HikariDataSource       : HikariPool-1 - Shutdown completed.
2025-09-09T19:32:13.570+05:30  INFO 61634 --- [taskmanager] [main] c.k.taskmanager.TaskmanagerApplication   : Starting TaskmanagerApplication using Java 21.0.7 with PID 61634 (/Users/kiran.sekhar/Desktop/Java projects/taskmanager/target/classes started by kiran.sekhar in /Users/kiran.sekhar/Desktop/Java projects)
2025-09-09T19:32:13.571+05:30 DEBUG 61634 --- [taskmanager] [main] c.k.taskmanager.TaskmanagerApplication   : Running with Spring Boot v3.5.5, Spring v6.2.10
2025-09-09T19:32:13.572+05:30  INFO 61634 --- [taskmanager] [main] c.k.taskmanager.TaskmanagerApplication   : No active profile set, falling back to 1 default profile: "default"
2025-09-09T19:32:13.901+05:30  INFO 61634 --- [taskmanager] [main] .s.d.r.c.RepositoryConfigurationDelegate : Bootstrapping Spring Data JPA repositories in DEFAULT mode.
2025-09-09T19:32:13.936+05:30  INFO 61634 --- [taskmanager] [main] .s.d.r.c.RepositoryConfigurationDelegate : Finished Spring Data repository scanning in 31 ms. Found 3 JPA repository interfaces.
2025-09-09T19:32:14.185+05:30  INFO 61634 --- [taskmanager] [main] o.s.b.w.embedded.tomcat.TomcatWebServer  : Tomcat initialized with port 8080 (http)
2025-09-09T19:32:14.192+05:30  INFO 61634 --- [taskmanager] [main] o.apache.catalina.core.StandardService   : Starting service [Tomcat]
2025-09-09T19:32:14.192+05:30  INFO 61634 --- [taskmanager] [main] o.apache.catalina.core.StandardEngine    : Starting Servlet engine: [Apache Tomcat/10.1.44]
2025-09-09T19:32:14.220+05:30  INFO 61634 --- [taskmanager] [main] o.a.c.c.C.[Tomcat].[localhost].[/]       : Initializing Spring embedded WebApplicationContext
2025-09-09T19:32:14.220+05:30  INFO 61634 --- [taskmanager] [main] w.s.c.ServletWebServerApplicationContext : Root WebApplicationContext: initialization completed in 623 ms
2025-09-09T19:32:14.315+05:30  INFO 61634 --- [taskmanager] [main] o.hibernate.jpa.internal.util.LogHelper  : HHH000204: Processing PersistenceUnitInfo [name: default]
2025-09-09T19:32:14.339+05:30  INFO 61634 --- [taskmanager] [main] org.hibernate.Version                    : HHH000412: Hibernate ORM core version 6.6.26.Final
2025-09-09T19:32:14.355+05:30  INFO 61634 --- [taskmanager] [main] o.h.c.internal.RegionFactoryInitiator    : HHH000026: Second-level cache disabled
2025-09-09T19:32:14.490+05:30  INFO 61634 --- [taskmanager] [main] o.s.o.j.p.SpringPersistenceUnitInfo      : No LoadTimeWeaver setup: ignoring JPA class transformer
2025-09-09T19:32:14.505+05:30  INFO 61634 --- [taskmanager] [main] com.zaxxer.hikari.HikariDataSource       : HikariPool-1 - Starting...
2025-09-09T19:32:14.606+05:30  INFO 61634 --- [taskmanager] [main] com.zaxxer.hikari.pool.HikariPool        : HikariPool-1 - Added connection org.postgresql.jdbc.PgConnection@5c573229
2025-09-09T19:32:14.607+05:30  INFO 61634 --- [taskmanager] [main] com.zaxxer.hikari.HikariDataSource       : HikariPool-1 - Start completed.
2025-09-09T19:32:14.649+05:30  INFO 61634 --- [taskmanager] [main] org.hibernate.orm.connections.pooling    : HHH10001005: Database info:
	Database JDBC URL [Connecting through datasource 'HikariDataSource (HikariPool-1)']
	Database driver: undefined/unknown
	Database version: 17.6
	Autocommit mode: undefined/unknown
	Isolation level: undefined/unknown
	Minimum pool size: undefined/unknown
	Maximum pool size: undefined/unknown
2025-09-09T19:32:15.061+05:30  INFO 61634 --- [taskmanager] [main] o.h.e.t.j.p.i.JtaPlatformInitiator       : HHH000489: No JTA platform available (set 'hibernate.transaction.jta.platform' to enable JTA platform integration)
2025-09-09T19:32:15.203+05:30  INFO 61634 --- [taskmanager] [main] j.LocalContainerEntityManagerFactoryBean : Initialized JPA EntityManagerFactory for persistence unit 'default'
2025-09-09T19:32:15.317+05:30  WARN 61634 --- [taskmanager] [main] JpaBaseConfiguration$JpaWebConfiguration : spring.jpa.open-in-view is enabled by default. Therefore, database queries may be performed during view rendering. Explicitly configure spring.jpa.open-in-view to disable this warning
2025-09-09T19:32:15.412+05:30  WARN 61634 --- [taskmanager] [main] .s.s.UserDetailsServiceAutoConfiguration : 

Using generated security password: cb117551-abab-4fad-8af3-9856d164b2fc

This generated password is for development use only. Your security configuration must be updated before running your application in production.

2025-09-09T19:32:15.415+05:30  INFO 61634 --- [taskmanager] [main] r$InitializeUserDetailsManagerConfigurer : Global AuthenticationManager configured with UserDetailsService bean with name inMemoryUserDetailsManager
2025-09-09T19:32:15.632+05:30  INFO 61634 --- [taskmanager] [main] o.s.b.w.embedded.tomcat.TomcatWebServer  : Tomcat started on port 8080 (http) with context path '/'
2025-09-09T19:32:15.638+05:30  INFO 61634 --- [taskmanager] [main] c.k.taskmanager.TaskmanagerApplication   : Started TaskmanagerApplication in 2.302 seconds (process running for 2.471)
2025-09-09T19:32:18.068+05:30  INFO 61634 --- [taskmanager] [http-nio-8080-exec-1] o.a.c.c.C.[Tomcat].[localhost].[/]       : Initializing Spring DispatcherServlet 'dispatcherServlet'
2025-09-09T19:32:18.068+05:30  INFO 61634 --- [taskmanager] [http-nio-8080-exec-1] o.s.web.servlet.DispatcherServlet        : Initializing Servlet 'dispatcherServlet'
2025-09-09T19:32:18.069+05:30  INFO 61634 --- [taskmanager] [http-nio-8080-exec-1] o.s.web.servlet.DispatcherServlet        : Completed initialization in 0 ms
2025-09-09T19:32:18.154+05:30  WARN 61634 --- [taskmanager] [http-nio-8080-exec-1] c.k.t.exception.GlobalExceptionHandler   : User not found: User not found with id: 1
2025-09-09T19:32:28.466+05:30  INFO 61634 --- [taskmanager] [SpringApplicationShutdownHook] o.s.b.w.e.tomcat.GracefulShutdown        : Commencing graceful shutdown. Waiting for active requests to complete
2025-09-09T19:32:28.472+05:30  INFO 61634 --- [taskmanager] [tomcat-shutdown] o.s.b.w.e.tomcat.GracefulShutdown        : Graceful shutdown complete
2025-09-09T19:32:28.476+05:30  INFO 61634 --- [taskmanager] [SpringApplicationShutdownHook] j.LocalContainerEntityManagerFactoryBean : Closing JPA EntityManagerFactory for persistence unit 'default'
2025-09-09T19:32:28.477+05:30  INFO 61634 --- [taskmanager] [SpringApplicationShutdownHook] com.zaxxer.hikari.HikariDataSource       : HikariPool-1 - Shutdown initiated...
2025-09-09T19:32:28.479+05:30  INFO 61634 --- [taskmanager] [SpringApplicationShutdownHook] com.zaxxer.hikari.HikariDataSource       : HikariPool-1 - Shutdown completed.
